2020-05-18T13:42:37.217Z [{"status":"ok","id":"e6412b76-2a31-4cce-8b79-1ab059aed5c7"}]
2020-05-18T13:42:44.495Z [{"status":"ok","id":"1c94bf4b-7565-4bb9-ad31-ea8b0dffff5a"}]
2020-05-18T13:43:11.439Z [{"status":"ok","id":"30d320c1-008e-43e4-909a-552fe8c8886f"}]
2020-05-18T13:45:07.335Z [{"status":"ok","id":"e1d2cd91-88d8-4803-ae1a-4473e4881e32"}]
2020-05-18T13:45:26.075Z [{"status":"ok","id":"8e11c444-0d44-45b0-be51-5116deb09140"}]
2020-05-18T13:46:17.197Z [{"status":"ok","id":"7e34690c-063f-4d6e-93b2-f2edcff167b1"}]
2020-05-18T13:46:59.730Z [{"status":"ok","id":"4916391a-88f4-40d1-b9c9-0110100a462f"}]
2020-05-18T13:48:44.972Z [{"status":"ok","id":"6bdf1c10-998b-4534-a304-6c3673df216e"}]
2020-05-18T13:50:18.422Z [{"status":"ok","id":"92822ec5-153d-45e9-b2a0-e96e6da867e8"}]
2020-05-18T13:50:38.082Z [{"status":"ok","id":"0a1feab2-3af5-4c19-8710-2da8ccd9e59a"}]
2020-05-18T13:51:22.319Z [{"status":"ok","id":"1ea7489c-ebf0-4b00-a467-955632380dc2"}]
2020-05-18T13:53:28.098Z [{"status":"ok","id":"093efde9-69bd-4a4a-82dc-0bca7233619c"}]
2020-05-18T14:01:44.206Z [{"status":"ok","id":"ff16b6af-cef8-4428-aaca-6e01e144fd5b"}]
2020-05-18T14:15:44.286Z [{"status":"ok","id":"313a6217-8d35-433d-8b4f-9a594a89d0a8"}]
2020-05-18T14:51:44.780Z [{"status":"ok","id":"1d78ebc5-e63d-404f-b2a3-21063ef18a91"}]
2020-05-18T14:52:45.106Z [{"status":"ok","id":"afb12355-721e-4dd0-bea2-e0c71148f640"}]
2020-05-18T16:00:04.973Z [{"status":"ok","id":"5f5d8495-18f6-4567-bb0a-c4fb482c982c"}]
2020-05-18T16:02:05.111Z [{"status":"ok","id":"ea2b0934-0d22-4b29-890e-e379c047b529"}]
2020-05-18T16:04:08.668Z [{"status":"ok","id":"a70509fc-6495-4795-97e6-06e2c6672d48"}]
2020-05-18T16:06:10.002Z [{"status":"ok","id":"f96748f4-b34e-4da3-8e36-8af59489ef9f"}]
2020-05-18T16:07:36.895Z [{"status":"ok","id":"b268cf36-8ddf-439b-8155-ddb8c245d575"}]
2020-05-18T16:09:06.393Z [{"status":"ok","id":"e379c034-775e-4a3b-bf52-2fe99ce0ebc6"}]
2020-05-18T16:16:44.960Z [{"status":"ok","id":"f42942f1-783c-470c-a27c-6be9570bf813"}]
2020-05-18T16:16:58.147Z [{"status":"ok","id":"24d3871c-94a1-4cfe-9e2c-a685bcaa34c4"}]
2020-05-18T16:17:48.940Z [{"status":"ok","id":"71a8feda-5041-4ebc-bb68-79628ed54c8f"}]
2020-05-18T16:19:49.440Z [{"status":"ok","id":"0d25cae2-3e91-42d9-aa4f-0e6cd10b9faa"}]
2020-05-18T16:40:25.347Z [{"status":"ok","id":"6ee1f9e0-8611-47c6-8edf-edf291597656"}]
2020-05-18T16:53:56.144Z [{"status":"ok","id":"8721d103-b7a8-4460-a177-c0b1996452a3"}]
2020-05-18T17:41:23.258Z [{"status":"ok","id":"e3938676-a177-4cff-8097-91b043542602"}]
2020-05-18T19:36:17.566Z [{"status":"ok","id":"8028cde1-3c5e-4589-a520-e46deebc37a7"}]
2020-05-18T20:15:04.554Z [{"status":"ok","id":"2776d2e9-64a5-47c8-98b6-682a3687aeed"}]
2020-05-18T20:20:34.163Z [{"status":"ok","id":"4d5d8be9-0714-4357-a015-9855de0c14f6"}]
2020-05-18T20:21:33.137Z [{"status":"ok","id":"8b59532d-665d-4797-a785-f7213cebe7d9"}]
2020-05-18T20:28:01.307Z [{"status":"ok","id":"a13b1465-2ec8-4bb6-9815-1873a3e894b6"}]
2020-05-18T21:02:57.992Z [{"status":"ok","id":"6744ca5f-acad-48e6-aa8f-8a297c52cea6"}]
2020-05-18T21:33:15.317Z [{"status":"ok","id":"89508472-233b-480b-9157-0790087ed18e"}]
2020-05-18T22:01:40.038Z [{"status":"ok","id":"e05ece27-b6a9-419a-b802-0977d828fcb6"}]
2020-05-18T22:29:23.699Z [{"status":"ok","id":"d4380638-9af2-4328-8bc2-824006ecc346"}]
2020-05-18T22:29:49.373Z [{"status":"ok","id":"8c4ec8f3-63df-4848-8d18-76c664a77ae6"}]
2020-05-18T22:30:54.781Z [{"status":"ok","id":"2bcf383e-d940-41ed-b76e-832ec80d2565"}]
2020-05-18T22:31:13.950Z [{"status":"ok","id":"b3ca98fd-169f-4c19-8fb8-84c196535b8e"}]
2020-05-18T22:38:33.107Z [{"status":"ok","id":"438dc253-933b-46f9-bebf-fdb7a4e00c03"}]
2020-05-18T23:03:16.053Z [{"status":"ok","id":"47d74772-50b0-420b-91f5-d2cf29b0886d"}]
2020-05-18T23:03:24.949Z [{"status":"ok","id":"0d9a5d34-a75b-4569-813f-92ccd173c269"}]
2020-05-18T23:05:21.985Z [{"status":"ok","id":"058812a3-32d6-4c3e-bd15-f467e7037029"}]
2020-05-18T23:08:53.984Z [{"status":"ok","id":"1b017492-947b-495d-9bc6-b7a6f81fab25"}]
2020-05-18T23:13:27.316Z [{"status":"ok","id":"8c391730-e474-4055-8482-12429f1fc688"}]
2020-05-19T09:50:27.808Z [{"status":"ok","id":"1eed2b15-743d-49b3-b904-bae231a6464b"}]
2020-05-19T09:53:26.805Z [{"status":"ok","id":"1db021da-999c-4734-b0cd-40c3c3832c4d"}]
2020-05-19T10:01:09.705Z [{"status":"ok","id":"f68d8471-9be9-4b06-8e92-7e1ba29645be"}]
2020-05-19T10:03:55.508Z [{"status":"ok","id":"b562a410-489b-4532-a141-b024f7d40a0d"}]
2020-05-19T10:21:51.016Z [{"status":"ok","id":"d9b274e6-21e2-4671-8977-13a6201c1e19"},{"status":"ok","id":"97682ebd-830b-4e39-8427-8541939670fe"}]
2020-05-19T10:22:24.417Z [{"status":"ok","id":"529028cc-d445-4884-964a-cae2c8e76972"},{"status":"ok","id":"7f486dd0-5226-449c-99e8-cf24dd0f8685"}]
2020-05-19T10:23:58.490Z [{"status":"ok","id":"1d332189-70b9-4d2c-9894-51c87f2e6c79"},{"status":"ok","id":"1b5c369a-3380-4807-978e-55647c33313b"}]
2020-05-19T10:23:58.691Z [{"status":"ok","id":"d3484413-9dda-4f32-a01e-b9c30a367c75"},{"status":"ok","id":"aa936a66-6176-4a84-9310-af7c2be01578"}]
2020-05-19T10:25:35.298Z [{"status":"ok","id":"1ab9f6fa-1329-422a-b434-85928deb8bf6"},{"status":"ok","id":"e8662d91-f3f8-4b5c-b7f6-2f6910089a89"}]
2020-05-19T10:25:59.578Z [{"status":"ok","id":"bc16cc1d-b633-4c94-84d8-c49fcf429def"},{"status":"ok","id":"592bdfeb-fc56-4fbe-b92c-42ee8a63b384"}]
2020-05-19T10:26:17.208Z [{"status":"ok","id":"a97cbb70-d5fa-4c49-88e0-eea64efd6aa4"},{"status":"ok","id":"b580d70e-a32b-49f4-b756-c8d06efeec7d"}]
2020-05-19T10:28:33.291Z [{"status":"ok","id":"9e9bd36b-3751-429e-9e35-569fbc885da8"},{"status":"ok","id":"da359ed7-4dfb-4d71-a06c-ae56de39185c"}]
2020-05-19T10:29:03.357Z [{"status":"ok","id":"eca9401d-277b-45f8-8afc-5f994a307dbe"},{"status":"ok","id":"c9a6e99b-e6b0-498b-acb8-90b523842eae"}]
2020-05-19T10:29:11.025Z [{"status":"ok","id":"d689a232-6ebb-4c86-9ea8-62e274b83959"},{"status":"ok","id":"d29c6365-a3f2-4f4d-95f2-5424a6103c94"}]
2020-05-19T10:32:45.805Z [{"status":"ok","id":"5e2ab81d-50ef-4142-aa9d-28d523c19b82"}]
2020-05-19T10:33:21.336Z [{"status":"ok","id":"12610ab6-632f-4b37-8f0b-23f76ac7705f"}]
2020-05-19T10:33:27.947Z [{"status":"ok","id":"3cecf8ef-9ba8-4517-bd11-f6922ecdeb89"}]
2020-05-19T10:33:30.610Z [{"status":"ok","id":"3a722f46-de79-4d18-aecf-1ef9cc92a148"}]
2020-05-19T10:33:40.975Z [{"status":"ok","id":"f7bdf6a9-3ceb-471b-915d-0c945e70559c"}]
2020-05-19T10:33:51.705Z [{"status":"ok","id":"190ed114-3096-4335-8ff9-c7f747fcc942"}]
2020-05-19T10:33:59.389Z [{"status":"ok","id":"118c2bff-edc4-4f88-b130-f06a480a2b5b"}]
2020-05-19T10:34:02.047Z [{"status":"ok","id":"9edec6fb-7c6d-4ae5-afed-fc534bd5670e"}]
2020-05-19T10:34:06.983Z [{"status":"ok","id":"b8ad2e58-92e3-4eaf-9f2a-bca3250eb861"}]
2020-05-19T10:34:10.445Z [{"status":"ok","id":"474c368f-a22b-4be4-b809-bba0c7dfb7d0"}]
2020-05-19T10:34:20.171Z [{"status":"ok","id":"055456e1-f46e-47e8-9fc1-6ef9cdee3075"}]
2020-05-19T10:34:23.859Z [{"status":"ok","id":"d0921b8f-959a-4743-95c1-b7ed8b97ace3"}]
2020-05-19T10:34:30.207Z [{"status":"ok","id":"56ee0440-48ce-4612-b806-c0ac2a95222a"}]
2020-05-19T10:34:35.275Z [{"status":"ok","id":"bb9e5190-af10-411d-a296-19046c78f7c7"}]
2020-05-19T10:34:53.056Z [{"status":"ok","id":"fecde500-d889-4a48-af4d-20855d455c37"}]
2020-05-19T10:35:06.395Z [{"status":"ok","id":"21f0d190-4e9f-4eb2-8559-03abdfe01898"}]
2020-05-19T12:13:37.215Z [{"status":"ok","id":"1e6b367a-6d9c-4700-99af-900937244d97"},{"status":"ok","id":"304761eb-36d8-40cb-9605-bf6edbce05af"}]
2020-05-19T12:24:46.397Z [{"status":"ok","id":"9d3c2a35-172d-4eba-b034-545c5bf1f2e3"},{"status":"ok","id":"fb3b49a2-4dd0-488d-afba-71642b89e883"}]
2020-05-19T13:02:30.572Z [{"status":"ok","id":"0d82a638-3615-4626-9b69-c67c24a633c1"},{"status":"ok","id":"cef7cbed-1bed-47c7-aa12-5af5cd7a1020"}]
2020-05-19T21:42:29.892Z [{"status":"ok","id":"f63ad704-f706-4fef-9a2d-73a5b7f86ec7"},{"status":"ok","id":"735bb33b-b844-42b2-bcb5-f31cc42e3f06"}]
2020-05-19T21:42:56.342Z [{"status":"ok","id":"00ad2ffd-0887-4395-83ae-cd1c31ce9944"}]
2020-05-19T21:45:32.273Z [{"status":"ok","id":"80ff39a7-72dd-46de-9446-0546547d69de"}]
2020-05-19T23:02:27.083Z [{"status":"ok","id":"2dadd76f-5532-46e0-8211-c67b5dd23882"}]
2020-05-19T23:02:35.053Z [{"status":"ok","id":"8658c62d-f50c-4776-b675-e70709178814"}]
2020-05-19T23:03:02.770Z [{"status":"ok","id":"d6865f62-1775-43c7-b3db-d923684a09c1"}]
2020-05-19T23:03:05.521Z [{"status":"ok","id":"52797a52-4063-40f8-bb50-6fd31ba3d037"}]
2020-05-19T23:03:07.693Z [{"status":"ok","id":"38a75864-76ba-478f-adcc-7a4fbce7fd18"}]
2020-05-19T23:06:05.468Z [{"status":"ok","id":"56eda65b-b2c2-4a5e-800d-bc1454fe01ec"}]
2020-05-20T09:22:23.463Z [{"status":"ok","id":"962e1b22-ad16-4360-8128-3978e6ee4de7"},{"status":"ok","id":"3eabff05-c982-42d7-b53d-3823d48c033a"}]
2020-05-20T09:37:10.404Z [{"status":"ok","id":"d27c1c04-2c0d-487b-84bd-eb6404d8c07a"},{"status":"ok","id":"3eb22c6e-93f6-496a-b554-730b32539784"}]
2020-05-20T09:37:20.438Z [{"status":"ok","id":"32671c46-3b63-48df-8e83-ee7812cfffad"},{"status":"ok","id":"680dfe9b-c9be-44ec-8af4-d1ec6f8915de"}]
2020-05-20T09:45:43.798Z [{"status":"ok","id":"bf87051b-23f3-4d43-886a-ca420535ef20"},{"status":"ok","id":"94d359f5-743c-47d7-a1f2-6179a15af712"}]
2020-05-20T09:46:58.784Z [{"status":"ok","id":"4392174f-9861-42db-9a08-fee5d0e23e66"},{"status":"ok","id":"af872be8-1f3b-4ecb-8950-b4995dcd0e9d"}]
2020-05-20T09:50:15.272Z [{"status":"ok","id":"23ee9ed5-4b91-4983-a46b-93ea5f6bb2a4"},{"status":"ok","id":"182e4bd4-f54c-4a74-b8ae-aa4f97030c9f"}]
